{
  "logFormatVersion": 1,
  "jobId": "48ba4732-c772-468b-a034-5b63c8402cd2",
  "status": "Accepted",
  "statusSummary": "Ready for distribution",
  "statusCode": 0,
  "archiveFilename": "Neighborhood.zip",
  "uploadDate": "2025-04-30T18:38:31.486Z",
  "sha256": "b3ce7038a525e63736e5dc49dc10f7faace50b85d5a660e8b77cc9c5638bfa5d",
  "ticketContents": [
    {
      "path": "Neighborhood.zip/Neighborhood.app/Contents/Frameworks/Neighborhood Helper.app",
      "digestAlgorithm": "SHA-256",
      "cdhash": "e2ce343d95e91cb8e40fc2b13781b2c3850fb24d",
      "arch": "arm64"
    },
    {
      "path": "Neighborhood.zip/Neighborhood.app/Contents/Frameworks/Neighborhood Helper.app/Contents/MacOS/Neighborhood Helper",
      "digestAlgorithm": "SHA-256",
      "cdhash": "e2ce343d95e91cb8e40fc2b13781b2c3850fb24d",
      "arch": "arm64"
    },
    {
      "path": "Neighborhood.zip/Neighborhood.app/Contents/Frameworks/Neighborhood Helper (GPU).app",
      "digestAlgorithm": "SHA-256",
      "cdhash": "e03347514a639131020dddacba07f72be894218f",
      "arch": "arm64"
    },
    {
      "path": "Neighborhood.zip/Neighborhood.app/Contents/Frameworks/Neighborhood Helper (GPU).app/Contents/MacOS/Neighborhood Helper (GPU)",
      "digestAlgorithm": "SHA-256",
      "cdhash": "e03347514a639131020dddacba07f72be894218f",
      "arch": "arm64"
    },
    {
      "path": "Neighborhood.zip/Neighborhood.app/Contents/Frameworks/Neighborhood Helper (Plugin).app",
      "digestAlgorithm": "SHA-256",
      "cdhash": "4fd85375c3405af2da4d03d4f135afafca35f7e7",
      "arch": "arm64"
    },
    {
      "path": "Neighborhood.zip/Neighborhood.app/Contents/Frameworks/Neighborhood Helper (Plugin).app/Contents/MacOS/Neighborhood Helper (Plugin)",
      "digestAlgorithm": "SHA-256",
      "cdhash": "4fd85375c3405af2da4d03d4f135afafca35f7e7",
      "arch": "arm64"
    },
    {
      "path": "Neighborhood.zip/Neighborhood.app/Contents/Frameworks/Neighborhood Helper (Renderer).app",
      "digestAlgorithm": "SHA-256",
      "cdhash": "cff987aa2a9a66122168a298e2297f3a02277475",
      "arch": "arm64"
    },
    {
      "path": "Neighborhood.zip/Neighborhood.app/Contents/Frameworks/Neighborhood Helper (Renderer).app/Contents/MacOS/Neighborhood Helper (Renderer)",
      "digestAlgorithm": "SHA-256",
      "cdhash": "cff987aa2a9a66122168a298e2297f3a02277475",
      "arch": "arm64"
    },
    {
      "path": "Neighborhood.zip/Neighborhood.app/Contents/Frameworks/Neighborhood Helper.app",
      "digestAlgorithm": "SHA-256",
      "cdhash": "e2ce343d95e91cb8e40fc2b13781b2c3850fb24d",
      "arch": "arm64"
    },
    {
      "path": "Neighborhood.zip/Neighborhood.app",
      "digestAlgorithm": "SHA-256",
      "cdhash": "54b3f40507ae31e81cc3e2e4b2684427be42f73d",
      "arch": "arm64"
    },
    {
      "path": "Neighborhood.zip/Neighborhood.app/Contents/Frameworks/Electron Framework.framework/Versions/Current",
      "digestAlgorithm": "SHA-256",
      "cdhash": "fff97bede6ee6f4a8718ce3ca82251ed09ecb0a7",
      "arch": "arm64"
    },
    {
      "path": "Neighborhood.zip/Neighborhood.app/Contents/Frameworks/ReactiveObjC.framework/Versions/Current",
      "digestAlgorithm": "SHA-256",
      "cdhash": "a6442b028169a1c6fae27ca7d7cefba70770c1b0",
      "arch": "arm64"
    },
    {
      "path": "Neighborhood.zip/Neighborhood.app/Contents/Frameworks/Electron Framework.framework/Versions/Current/Helpers/chrome_crashpad_handler",
      "digestAlgorithm": "SHA-256",
      "cdhash": "c396b64b79fef9f50d534068fc64ee89202be7f9",
      "arch": "arm64"
    },
    {
      "path": "Neighborhood.zip/Neighborhood.app/Contents/Frameworks/Squirrel.framework/Versions/Current",
      "digestAlgorithm": "SHA-256",
      "cdhash": "e3d5908f2de489a82e9f92ef4df401c0f2688bc5",
      "arch": "arm64"
    },
    {
      "path": "Neighborhood.zip/Neighborhood.app/Contents/Frameworks/Mantle.framework/Versions/Current",
      "digestAlgorithm": "SHA-256",
      "cdhash": "eced4f00eb1115b84325ec556396e0b129b0ac16",
      "arch": "arm64"
    },
    {
      "path": "Neighborhood.zip/Neighborhood.app/Contents/Frameworks/Neighborhood Helper (Plugin).app",
      "digestAlgorithm": "SHA-256",
      "cdhash": "4fd85375c3405af2da4d03d4f135afafca35f7e7",
      "arch": "arm64"
    },
    {
      "path": "Neighborhood.zip/Neighborhood.app/Contents/Frameworks/Neighborhood Helper (GPU).app",
      "digestAlgorithm": "SHA-256",
      "cdhash": "e03347514a639131020dddacba07f72be894218f",
      "arch": "arm64"
    },
    {
      "path": "Neighborhood.zip/Neighborhood.app/Contents/Frameworks/Neighborhood Helper (Renderer).app",
      "digestAlgorithm": "SHA-256",
      "cdhash": "cff987aa2a9a66122168a298e2297f3a02277475",
      "arch": "arm64"
    },
    {
      "path": "Neighborhood.zip/Neighborhood.app/Contents/MacOS/Neighborhood",
      "digestAlgorithm": "SHA-256",
      "cdhash": "54b3f40507ae31e81cc3e2e4b2684427be42f73d",
      "arch": "arm64"
    },
    {
      "path": "Neighborhood.zip/Neighborhood.app/Contents/Frameworks/Electron Framework.framework/Versions/A/Electron Framework",
      "digestAlgorithm": "SHA-256",
      "cdhash": "fff97bede6ee6f4a8718ce3ca82251ed09ecb0a7",
      "arch": "arm64"
    },
    {
      "path": "Neighborhood.zip/Neighborhood.app/Contents/Frameworks/Electron Framework.framework/Versions/A/Libraries/libEGL.dylib",
      "digestAlgorithm": "SHA-256",
      "cdhash": "27baaa73b797210696f277f1ea5507c7570c8849",
      "arch": "arm64"
    },
    {
      "path": "Neighborhood.zip/Neighborhood.app/Contents/Frameworks/Electron Framework.framework/Versions/A/Libraries/libvk_swiftshader.dylib",
      "digestAlgorithm": "SHA-256",
      "cdhash": "6ab3485bba4267dbaa661b5949b8ca3d1b2f9c3e",
      "arch": "arm64"
    },
    {
      "path": "Neighborhood.zip/Neighborhood.app/Contents/Frameworks/Electron Framework.framework/Versions/A/Libraries/libGLESv2.dylib",
      "digestAlgorithm": "SHA-256",
      "cdhash": "5e17ea5b6d3e3be2c26c045b5013f98b4e69b550",
      "arch": "arm64"
    },
    {
      "path": "Neighborhood.zip/Neighborhood.app/Contents/Frameworks/Electron Framework.framework/Versions/A/Libraries/libffmpeg.dylib",
      "digestAlgorithm": "SHA-256",
      "cdhash": "c9d6e56e72a548ba60dc646bbb79147fc3a94b9d",
      "arch": "arm64"
    },
    {
      "path": "Neighborhood.zip/Neighborhood.app/Contents/Frameworks/Electron Framework.framework/Versions/A/Helpers/chrome_crashpad_handler",
      "digestAlgorithm": "SHA-256",
      "cdhash": "c396b64b79fef9f50d534068fc64ee89202be7f9",
      "arch": "arm64"
    },
    {
      "path": "Neighborhood.zip/Neighborhood.app/Contents/Frameworks/ReactiveObjC.framework/Versions/A/ReactiveObjC",
      "digestAlgorithm": "SHA-256",
      "cdhash": "a6442b028169a1c6fae27ca7d7cefba70770c1b0",
      "arch": "arm64"
    },
    {
      "path": "Neighborhood.zip/Neighborhood.app/Contents/Frameworks/Squirrel.framework/Versions/A/Squirrel",
      "digestAlgorithm": "SHA-256",
      "cdhash": "e3d5908f2de489a82e9f92ef4df401c0f2688bc5",
      "arch": "arm64"
    },
    {
      "path": "Neighborhood.zip/Neighborhood.app/Contents/Frameworks/Squirrel.framework/Versions/A/Resources/ShipIt",
      "digestAlgorithm": "SHA-256",
      "cdhash": "e16571eaa93ed7677680fe807c385448c8d5bd27",
      "arch": "arm64"
    },
    {
      "path": "Neighborhood.zip/Neighborhood.app/Contents/Frameworks/Mantle.framework/Versions/A/Mantle",
      "digestAlgorithm": "SHA-256",
      "cdhash": "eced4f00eb1115b84325ec556396e0b129b0ac16",
      "arch": "arm64"
    }
  ],
  "issues": null
}